mode: set
github.com/selabhvl/tpcGo/coordinator.go:22.109,30.2 1 1
github.com/selabhvl/tpcGo/coordinator.go:35.93,37.36 1 1
github.com/selabhvl/tpcGo/coordinator.go:42.2,45.12 3 1
github.com/selabhvl/tpcGo/coordinator.go:87.2,87.36 1 1
github.com/selabhvl/tpcGo/coordinator.go:37.36,40.3 2 1
github.com/selabhvl/tpcGo/coordinator.go:45.12,47.7 2 1
github.com/selabhvl/tpcGo/coordinator.go:47.7,48.11 1 1
github.com/selabhvl/tpcGo/coordinator.go:49.34,50.12 1 1
github.com/selabhvl/tpcGo/coordinator.go:78.33,79.12 1 1
github.com/selabhvl/tpcGo/coordinator.go:50.12,52.6 1 0
github.com/selabhvl/tpcGo/coordinator.go:52.11,54.34 2 1
github.com/selabhvl/tpcGo/coordinator.go:54.34,56.36 2 1
github.com/selabhvl/tpcGo/coordinator.go:56.36,57.32 1 1
github.com/selabhvl/tpcGo/coordinator.go:67.8,67.38 1 1
github.com/selabhvl/tpcGo/coordinator.go:74.8,74.53 1 1
github.com/selabhvl/tpcGo/coordinator.go:57.32,58.28 1 1
github.com/selabhvl/tpcGo/coordinator.go:59.18,60.23 1 1
github.com/selabhvl/tpcGo/coordinator.go:61.17,64.20 3 1
github.com/selabhvl/tpcGo/coordinator.go:67.38,68.33 1 1
github.com/selabhvl/tpcGo/coordinator.go:72.9,72.20 1 1
github.com/selabhvl/tpcGo/coordinator.go:68.33,71.10 2 1
github.com/selabhvl/tpcGo/coordinator.go:79.12,81.6 1 0
github.com/selabhvl/tpcGo/coordinator.go:81.11,83.6 1 1
github.com/selabhvl/tpcGo/coordinator.go:91.94,93.2 1 1
github.com/selabhvl/tpcGo/coordinator.go:96.58,98.2 1 1
github.com/selabhvl/tpcGo/coordinator.go:101.55,103.2 1 1
github.com/selabhvl/tpcGo/coordinator.go:106.50,108.2 1 1
github.com/selabhvl/tpcGo/coordinator.go:111.48,113.2 1 1
github.com/selabhvl/tpcGo/coordinator.go:116.72,118.2 1 1
github.com/selabhvl/tpcGo/defs.go:54.36,56.2 1 1
github.com/selabhvl/tpcGo/defs.go:59.40,61.2 1 1
github.com/selabhvl/tpcGo/defs.go:64.37,66.2 1 1
github.com/selabhvl/tpcGo/defs.go:69.31,71.2 1 1
github.com/selabhvl/tpcGo/defs.go:74.35,76.2 1 1
github.com/selabhvl/tpcGo/defs.go:79.30,81.2 1 1
github.com/selabhvl/tpcGo/defs.go:115.52,117.2 1 1
github.com/selabhvl/tpcGo/defs.go:120.60,122.2 1 1
github.com/selabhvl/tpcGo/defs.go:130.42,132.2 1 1
github.com/selabhvl/tpcGo/defs.go:135.36,137.2 1 1
github.com/selabhvl/tpcGo/defs.go:140.34,142.2 1 1
github.com/selabhvl/tpcGo/defs.go:145.40,147.2 1 1
github.com/selabhvl/tpcGo/defs.go:150.46,152.2 1 1
github.com/selabhvl/tpcGo/defs.go:155.63,157.16 1 1
github.com/selabhvl/tpcGo/defs.go:157.16,159.3 1 0
github.com/selabhvl/tpcGo/defs.go:159.8,161.15 2 1
github.com/selabhvl/tpcGo/defs.go:166.3,166.18 1 1
github.com/selabhvl/tpcGo/defs.go:170.3,170.46 1 1
github.com/selabhvl/tpcGo/defs.go:161.15,163.4 1 1
github.com/selabhvl/tpcGo/defs.go:166.18,168.4 1 0
github.com/selabhvl/tpcGo/defs.go:170.46,172.4 1 1
github.com/selabhvl/tpcGo/defs.go:172.9,172.53 1 1
github.com/selabhvl/tpcGo/defs.go:172.53,174.4 1 0
github.com/selabhvl/tpcGo/defs.go:174.9,176.4 1 1
github.com/selabhvl/tpcGo/msghandler.go:29.107,39.2 1 0
github.com/selabhvl/tpcGo/msghandler.go:43.34,45.12 1 0
github.com/selabhvl/tpcGo/msghandler.go:80.2,80.35 1 0
github.com/selabhvl/tpcGo/msghandler.go:45.12,46.7 1 0
github.com/selabhvl/tpcGo/msghandler.go:46.7,47.11 1 0
github.com/selabhvl/tpcGo/msghandler.go:48.40,49.12 1 0
github.com/selabhvl/tpcGo/msghandler.go:55.34,56.12 1 0
github.com/selabhvl/tpcGo/msghandler.go:62.38,63.12 1 0
github.com/selabhvl/tpcGo/msghandler.go:69.33,70.12 1 0
github.com/selabhvl/tpcGo/msghandler.go:49.12,51.6 1 0
github.com/selabhvl/tpcGo/msghandler.go:51.11,54.6 2 0
github.com/selabhvl/tpcGo/msghandler.go:56.12,58.6 1 0
github.com/selabhvl/tpcGo/msghandler.go:58.11,61.6 2 0
github.com/selabhvl/tpcGo/msghandler.go:63.12,65.6 1 0
github.com/selabhvl/tpcGo/msghandler.go:65.11,68.6 2 0
github.com/selabhvl/tpcGo/msghandler.go:70.12,72.6 1 0
github.com/selabhvl/tpcGo/msghandler.go:72.11,75.6 2 0
github.com/selabhvl/tpcGo/msghandler.go:84.57,86.2 1 0
github.com/selabhvl/tpcGo/msghandler.go:89.46,91.2 1 0
github.com/selabhvl/tpcGo/msghandler.go:94.54,96.2 1 0
github.com/selabhvl/tpcGo/msghandler.go:99.44,101.2 1 0
github.com/selabhvl/tpcGo/reader.go:23.71,25.16 2 1
github.com/selabhvl/tpcGo/reader.go:28.2,28.43 1 1
github.com/selabhvl/tpcGo/reader.go:25.16,27.3 1 0
github.com/selabhvl/tpcGo/worker.go:26.81,35.2 1 0
github.com/selabhvl/tpcGo/worker.go:40.33,42.12 1 0
github.com/selabhvl/tpcGo/worker.go:63.2,63.35 1 0
github.com/selabhvl/tpcGo/worker.go:42.12,43.7 1 0
github.com/selabhvl/tpcGo/worker.go:43.7,44.11 1 0
github.com/selabhvl/tpcGo/worker.go:45.40,46.12 1 0
github.com/selabhvl/tpcGo/worker.go:52.38,53.12 1 0
github.com/selabhvl/tpcGo/worker.go:46.12,48.6 1 0
github.com/selabhvl/tpcGo/worker.go:48.11,51.6 2 0
github.com/selabhvl/tpcGo/worker.go:53.12,55.6 1 0
github.com/selabhvl/tpcGo/worker.go:55.11,58.6 2 0
github.com/selabhvl/tpcGo/worker.go:67.56,69.2 1 0
github.com/selabhvl/tpcGo/worker.go:72.42,74.2 1 0
github.com/selabhvl/tpcGo/worker.go:77.53,79.2 1 0
github.com/selabhvl/tpcGo/worker.go:82.40,84.2 1 0
github.com/selabhvl/tpcGo/worker.go:87.54,93.2 5 0
github.com/selabhvl/tpcGo/worker.go:96.52,98.2 1 0
